This file contains any messages produced by compilers while
running configure, to aid debugging if configure makes a mistake.

It was created by sodor configure 1.0, which was
generated by GNU Autoconf 2.68.  Invocation command line was

  $ ./configure --with-riscv=/usr/local

## --------- ##
## Platform. ##
## --------- ##

hostname = Vinays-MacBook-Pro.local
uname -m = x86_64
uname -r = 15.5.0
uname -s = Darwin
uname -v = Darwin Kernel Version 15.5.0: Tue Apr 19 18:36:36 PDT 2016; root:xnu-3248.50.21~8/RELEASE_X86_64

/usr/bin/uname -p = i386
/bin/uname -X     = unknown

/bin/arch              = unknown
/usr/bin/arch -k       = unknown
/usr/convex/getsysinfo = unknown
/usr/bin/hostinfo      = Mach kernel version:
	 Darwin Kernel Version 15.5.0: Tue Apr 19 18:36:36 PDT 2016; root:xnu-3248.50.21~8/RELEASE_X86_64
Kernel configured for up to 4 processors.
2 processors are physically available.
4 processors are logically available.
Processor type: x86_64h (Intel x86-64h Haswell)
Processors active: 0 1 2 3
Primary memory available: 8.00 gigabytes
Default processor set: 261 tasks, 1571 threads, 4 processors
Load average: 1.83, Mach factor: 2.16
/bin/machine           = unknown
/usr/bin/oslevel       = unknown
/bin/universe          = unknown

PATH: /opt/local/bin
PATH: /usr/bin
PATH: /bin
PATH: /usr/sbin
PATH: /sbin
PATH: /usr/bin
PATH: /bin
PATH: /usr/sbin
PATH: /sbin
PATH: /usr/local/bin
PATH: /usr/bin
PATH: /bin
PATH: /usr/local/sbin
PATH: /usr/sbin
PATH: /sbin
PATH: /usr/afsws/bin
PATH: .
PATH: /opt/jdk6/jdk1.6.0_45/bin


## ----------- ##
## Core tests. ##
## ----------- ##

configure:2021: checking for g++
configure:2037: found /usr/bin/g++
configure:2048: result: g++
configure:2075: checking for C++ compiler version
configure:2084: g++ --version >&5
Apple LLVM version 6.1.0 (clang-602.0.53) (based on LLVM 3.6.0svn)
Target: x86_64-apple-darwin15.5.0
Thread model: posix
Configured with: --prefix=/Applications/Xcode.app/Contents/Developer/usr --with-gxx-include-dir=/usr/include/c++/4.2.1
configure:2095: $? = 0
configure:2084: g++ -v >&5
Configured with: --prefix=/Applications/Xcode.app/Contents/Developer/usr --with-gxx-include-dir=/usr/include/c++/4.2.1
Apple LLVM version 6.1.0 (clang-602.0.53) (based on LLVM 3.6.0svn)
Target: x86_64-apple-darwin15.5.0
Thread model: posix
configure:2095: $? = 0
configure:2084: g++ -V >&5
clang: error: argument to '-V' is missing (expected 1 value)
clang: error: no input files
configure:2095: $? = 1
configure:2084: g++ -qversion >&5
clang: error: unknown argument: '-qversion'
clang: error: no input files
configure:2095: $? = 1
configure:2115: checking whether the C++ compiler works
configure:2137: g++    conftest.cpp  >&5
configure:2141: $? = 0
configure:2189: result: yes
configure:2192: checking for C++ compiler default output file name
configure:2194: result: a.out
configure:2200: checking for suffix of executables
configure:2207: g++ -o conftest    conftest.cpp  >&5
configure:2211: $? = 0
configure:2233: result: 
configure:2255: checking whether we are cross compiling
configure:2263: g++ -o conftest    conftest.cpp  >&5
configure:2267: $? = 0
configure:2274: ./conftest
configure:2278: $? = 0
configure:2293: result: no
configure:2298: checking for suffix of object files
configure:2320: g++ -c   conftest.cpp >&5
configure:2324: $? = 0
configure:2345: result: o
configure:2349: checking whether we are using the GNU C++ compiler
configure:2368: g++ -c   conftest.cpp >&5
configure:2368: $? = 0
configure:2377: result: yes
configure:2386: checking whether g++ accepts -g
configure:2406: g++ -c -g  conftest.cpp >&5
configure:2406: $? = 0
configure:2447: result: yes
configure:2516: checking how to run the C++ preprocessor
configure:2543: g++ -E  -I/usr/local/include conftest.cpp
configure:2543: $? = 0
configure:2557: g++ -E  -I/usr/local/include conftest.cpp
conftest.cpp:9:10: fatal error: 'ac_nonexistent.h' file not found
#include <ac_nonexistent.h>
         ^
1 error generated.
configure:2557: $? = 1
configure: failed program was:
| /* confdefs.h */
| #define PACKAGE_NAME "sodor"
| #define PACKAGE_TARNAME "sodor"
| #define PACKAGE_VERSION "1.0"
| #define PACKAGE_STRING "sodor 1.0"
| #define PACKAGE_BUGREPORT ""
| #define PACKAGE_URL ""
| /* end confdefs.h.  */
| #include <ac_nonexistent.h>
configure:2582: result: g++ -E
configure:2602: g++ -E  -I/usr/local/include conftest.cpp
configure:2602: $? = 0
configure:2616: g++ -E  -I/usr/local/include conftest.cpp
conftest.cpp:9:10: fatal error: 'ac_nonexistent.h' file not found
#include <ac_nonexistent.h>
         ^
1 error generated.
configure:2616: $? = 1
configure: failed program was:
| /* confdefs.h */
| #define PACKAGE_NAME "sodor"
| #define PACKAGE_TARNAME "sodor"
| #define PACKAGE_VERSION "1.0"
| #define PACKAGE_STRING "sodor 1.0"
| #define PACKAGE_BUGREPORT ""
| #define PACKAGE_URL ""
| /* end confdefs.h.  */
| #include <ac_nonexistent.h>
configure:2645: checking for grep that handles long lines and -e
configure:2703: result: /usr/bin/grep
configure:2708: checking for egrep
configure:2770: result: /usr/bin/grep -E
configure:2775: checking for ANSI C header files
configure:2795: g++ -c -g -O2 -I/usr/local/include -std=gnu++0x  -I/usr/local/include conftest.cpp >&5
configure:2795: $? = 0
configure:2868: g++ -o conftest -g -O2 -I/usr/local/include -std=gnu++0x  -I/usr/local/include  conftest.cpp  >&5
configure:2868: $? = 0
configure:2868: ./conftest
configure:2868: $? = 0
configure:2879: result: yes
configure:2892: checking for sys/types.h
configure:2892: g++ -c -g -O2 -I/usr/local/include -std=gnu++0x  -I/usr/local/include conftest.cpp >&5
configure:2892: $? = 0
configure:2892: result: yes
configure:2892: checking for sys/stat.h
configure:2892: g++ -c -g -O2 -I/usr/local/include -std=gnu++0x  -I/usr/local/include conftest.cpp >&5
configure:2892: $? = 0
configure:2892: result: yes
configure:2892: checking for stdlib.h
configure:2892: g++ -c -g -O2 -I/usr/local/include -std=gnu++0x  -I/usr/local/include conftest.cpp >&5
configure:2892: $? = 0
configure:2892: result: yes
configure:2892: checking for string.h
configure:2892: g++ -c -g -O2 -I/usr/local/include -std=gnu++0x  -I/usr/local/include conftest.cpp >&5
configure:2892: $? = 0
configure:2892: result: yes
configure:2892: checking for memory.h
configure:2892: g++ -c -g -O2 -I/usr/local/include -std=gnu++0x  -I/usr/local/include conftest.cpp >&5
configure:2892: $? = 0
configure:2892: result: yes
configure:2892: checking for strings.h
configure:2892: g++ -c -g -O2 -I/usr/local/include -std=gnu++0x  -I/usr/local/include conftest.cpp >&5
configure:2892: $? = 0
configure:2892: result: yes
configure:2892: checking for inttypes.h
configure:2892: g++ -c -g -O2 -I/usr/local/include -std=gnu++0x  -I/usr/local/include conftest.cpp >&5
configure:2892: $? = 0
configure:2892: result: yes
configure:2892: checking for stdint.h
configure:2892: g++ -c -g -O2 -I/usr/local/include -std=gnu++0x  -I/usr/local/include conftest.cpp >&5
configure:2892: $? = 0
configure:2892: result: yes
configure:2892: checking for unistd.h
configure:2892: g++ -c -g -O2 -I/usr/local/include -std=gnu++0x  -I/usr/local/include conftest.cpp >&5
configure:2892: $? = 0
configure:2892: result: yes
configure:2906: checking fesvr/htif_pthread.h usability
configure:2906: g++ -c -g -O2 -I/usr/local/include -std=gnu++0x  -I/usr/local/include conftest.cpp >&5
configure:2906: $? = 0
configure:2906: result: yes
configure:2906: checking fesvr/htif_pthread.h presence
configure:2906: g++ -E  -I/usr/local/include conftest.cpp
configure:2906: $? = 0
configure:2906: result: yes
configure:2906: checking for fesvr/htif_pthread.h
configure:2906: result: yes
configure:3098: creating ./config.status

## ---------------------- ##
## Running config.status. ##
## ---------------------- ##

This file was extended by sodor config.status 1.0, which was
generated by GNU Autoconf 2.68.  Invocation command line was

  CONFIG_FILES    = 
  CONFIG_HEADERS  = 
  CONFIG_LINKS    = 
  CONFIG_COMMANDS = 
  $ ./config.status 

on Vinays-MacBook-Pro.local

config.status:743: creating prefix.mk
config.status:743: creating Makefile
config.status:743: creating project/plugins.sbt
config.status:743: creating project/build.properties
config.status:743: creating project/build.scala

## ---------------- ##
## Cache variables. ##
## ---------------- ##

ac_cv_cxx_compiler_gnu=yes
ac_cv_env_CCC_set=
ac_cv_env_CCC_value=
ac_cv_env_CPPFLAGS_set=
ac_cv_env_CPPFLAGS_value=
ac_cv_env_CXXCPP_set=
ac_cv_env_CXXCPP_value=
ac_cv_env_CXXFLAGS_set=
ac_cv_env_CXXFLAGS_value=
ac_cv_env_CXX_set=
ac_cv_env_CXX_value=
ac_cv_env_LDFLAGS_set=
ac_cv_env_LDFLAGS_value=
ac_cv_env_LIBS_set=
ac_cv_env_LIBS_value=
ac_cv_env_RISCV_set=
ac_cv_env_RISCV_value=
ac_cv_env_build_alias_set=
ac_cv_env_build_alias_value=
ac_cv_env_host_alias_set=
ac_cv_env_host_alias_value=
ac_cv_env_target_alias_set=
ac_cv_env_target_alias_value=
ac_cv_header_fesvr_htif_pthread_h=yes
ac_cv_header_inttypes_h=yes
ac_cv_header_memory_h=yes
ac_cv_header_stdc=yes
ac_cv_header_stdint_h=yes
ac_cv_header_stdlib_h=yes
ac_cv_header_string_h=yes
ac_cv_header_strings_h=yes
ac_cv_header_sys_stat_h=yes
ac_cv_header_sys_types_h=yes
ac_cv_header_unistd_h=yes
ac_cv_objext=o
ac_cv_path_EGREP='/usr/bin/grep -E'
ac_cv_path_GREP=/usr/bin/grep
ac_cv_prog_CXXCPP='g++ -E'
ac_cv_prog_ac_ct_CXX=g++
ac_cv_prog_cxx_g=yes

## ----------------- ##
## Output variables. ##
## ----------------- ##

CPPFLAGS=' -I/usr/local/include'
CXX='g++'
CXXCPP='g++ -E'
CXXFLAGS='-g -O2 -I/usr/local/include -std=gnu++0x'
DEFS='-DPACKAGE_NAME=\"sodor\" -DPACKAGE_TARNAME=\"sodor\" -DPACKAGE_VERSION=\"1.0\" -DPACKAGE_STRING=\"sodor\ 1.0\" -DPACKAGE_BUGREPORT=\"\" -DPACKAGE_URL=\"\" -DSTDC_HEADERS=1 -DHAVE_SYS_TYPES_H=1 -DHAVE_SYS_STAT_H=1 -DHAVE_STDLIB_H=1 -DHAVE_STRING_H=1 -DHAVE_MEMORY_H=1 -DHAVE_STRINGS_H=1 -DHAVE_INTTYPES_H=1 -DHAVE_STDINT_H=1 -DHAVE_UNISTD_H=1 -DHAVE_FESVR_HTIF_PTHREAD_H=1'
ECHO_C='\c'
ECHO_N=''
ECHO_T=''
EGREP='/usr/bin/grep -E'
EXEEXT=''
GREP='/usr/bin/grep'
LDFLAGS=''
LIBOBJS=''
LIBS=''
LTLIBOBJS=''
OBJEXT='o'
PACKAGE_BUGREPORT=''
PACKAGE_NAME='sodor'
PACKAGE_STRING='sodor 1.0'
PACKAGE_TARNAME='sodor'
PACKAGE_URL=''
PACKAGE_VERSION='1.0'
PATH_SEPARATOR=':'
RISCV=''
SHELL='/bin/sh'
ac_ct_CXX='g++'
bindir='${exec_prefix}/bin'
build_alias=''
chisel_version='latest.release'
chiseldir=''
datadir='${datarootdir}'
datarootdir='${prefix}/share'
docdir='${datarootdir}/doc/${PACKAGE_TARNAME}'
dvidir='${docdir}'
exec_prefix='${prefix}'
host_alias=''
htmldir='${docdir}'
includedir='${prefix}/include'
infodir='${datarootdir}/info'
libdir='${exec_prefix}/lib'
libexecdir='${exec_prefix}/libexec'
localedir='${datarootdir}/locale'
localstatedir='${prefix}/var'
mandir='${datarootdir}/man'
oldincludedir='/usr/include'
pdfdir='${docdir}'
prefix='/usr/local'
program_transform_name='s,x,x,'
psdir='${docdir}'
riscv_path='/usr/local'
sbindir='${exec_prefix}/sbin'
sharedstatedir='${prefix}/com'
sysconfdir='${prefix}/etc'
target_alias=''

## ----------- ##
## confdefs.h. ##
## ----------- ##

/* confdefs.h */
#define PACKAGE_NAME "sodor"
#define PACKAGE_TARNAME "sodor"
#define PACKAGE_VERSION "1.0"
#define PACKAGE_STRING "sodor 1.0"
#define PACKAGE_BUGREPORT ""
#define PACKAGE_URL ""
#define STDC_HEADERS 1
#define HAVE_SYS_TYPES_H 1
#define HAVE_SYS_STAT_H 1
#define HAVE_STDLIB_H 1
#define HAVE_STRING_H 1
#define HAVE_MEMORY_H 1
#define HAVE_STRINGS_H 1
#define HAVE_INTTYPES_H 1
#define HAVE_STDINT_H 1
#define HAVE_UNISTD_H 1
#define HAVE_FESVR_HTIF_PTHREAD_H 1

configure: exit 0
